<?xml version="1.0" encoding="UTF-8"?>

<mule xmlns:file="http://www.mulesoft.org/schema/mule/file" xmlns:dw="http://www.mulesoft.org/schema/mule/ee/dw" xmlns:metadata="http://www.mulesoft.org/schema/mule/metadata" xmlns="http://www.mulesoft.org/schema/mule/core" xmlns:doc="http://www.mulesoft.org/schema/mule/documentation"
	xmlns:spring="http://www.springframework.org/schema/beans" 
	xmlns:xsi="http://www.w3.org/2001/XMLSchema-instance"
	xsi:schemaLocation="http://www.springframework.org/schema/beans http://www.springframework.org/schema/beans/spring-beans-current.xsd
http://www.mulesoft.org/schema/mule/core http://www.mulesoft.org/schema/mule/core/current/mule.xsd
http://www.mulesoft.org/schema/mule/file http://www.mulesoft.org/schema/mule/file/current/mule-file.xsd
http://www.mulesoft.org/schema/mule/ee/dw http://www.mulesoft.org/schema/mule/ee/dw/current/dw.xsd">
    <flow name="test-indigoFlow">
        <file:inbound-endpoint path="FileIn" moveToDirectory="FileProcessed" responseTimeout="10000" doc:name="InputFile"/>
        <dw:transform-message doc:name="Transform Message" metadata:id="0b02ede0-366c-4774-b8b8-c751ebbf04ec">
            <dw:input-payload doc:sample="C:\Users\SONY\Downloads\MulesoftFlatFile-0530.csv" mimeType="application/csv"/>
            <dw:set-payload><![CDATA[%dw 1.0
%output text/csv separator=',', header=true

%function calculateAmount(accountObject) 
	using(accountDate = (accountObject.Date as :date {format: "M/d/yyyy"}),
		  amount = accountObject.Amount,
		  accountType = accountObject.Type)
		 	(
		 		using(newAmount = (amount * 2) when accountDate < now otherwise amount)
		 			(
		 				accountType match {
		 					'Credit' -> newAmount,
		 					'Debit'	 -> -1 * newAmount
		 				}
		 			)
		 	)

---
payload groupBy $.Account pluck ((accountObjects, accountKey) -> 
	{
		Account : accountKey ,
		FinalAmount : accountObjects reduce ((accountObject, total = 0) -> total + calculateAmount(accountObject))
	}
)
]]></dw:set-payload>
        </dw:transform-message>
        <file:outbound-endpoint path="FileOut" outputPattern="Output.csv" responseTimeout="10000" doc:name="OutputFile"/>
    </flow>
</mule>
